{"/Users/raquelrodriguezdiaz/Desktop/testing/fizzbuzz/fizzbuzz.js": {"path":"/Users/raquelrodriguezdiaz/Desktop/testing/fizzbuzz/fizzbuzz.js","all":false,"statementMap":{"0":{"start":{"line":1,"column":0},"end":{"line":1,"column":27}},"1":{"start":{"line":2,"column":0},"end":{"line":2,"column":18}},"2":{"start":{"line":3,"column":0},"end":{"line":3,"column":16}},"3":{"start":{"line":4,"column":0},"end":{"line":4,"column":5}},"4":{"start":{"line":5,"column":0},"end":{"line":5,"column":59}},"5":{"start":{"line":6,"column":0},"end":{"line":6,"column":4}},"6":{"start":{"line":7,"column":0},"end":{"line":7,"column":47}},"7":{"start":{"line":8,"column":0},"end":{"line":8,"column":25}},"8":{"start":{"line":9,"column":0},"end":{"line":9,"column":5}},"9":{"start":{"line":10,"column":0},"end":{"line":10,"column":0}},"10":{"start":{"line":11,"column":0},"end":{"line":11,"column":27}},"11":{"start":{"line":12,"column":0},"end":{"line":12,"column":21}},"12":{"start":{"line":13,"column":0},"end":{"line":13,"column":5}},"13":{"start":{"line":14,"column":0},"end":{"line":14,"column":26}},"14":{"start":{"line":15,"column":0},"end":{"line":15,"column":21}},"15":{"start":{"line":16,"column":0},"end":{"line":16,"column":5}},"16":{"start":{"line":17,"column":0},"end":{"line":17,"column":14}},"17":{"start":{"line":18,"column":0},"end":{"line":18,"column":1}},"18":{"start":{"line":19,"column":0},"end":{"line":19,"column":0}},"19":{"start":{"line":20,"column":0},"end":{"line":20,"column":23}},"20":{"start":{"line":21,"column":0},"end":{"line":21,"column":30}},"21":{"start":{"line":22,"column":0},"end":{"line":22,"column":43}},"22":{"start":{"line":23,"column":0},"end":{"line":23,"column":5}},"23":{"start":{"line":24,"column":0},"end":{"line":24,"column":1}},"24":{"start":{"line":25,"column":0},"end":{"line":25,"column":9}},"25":{"start":{"line":26,"column":0},"end":{"line":26,"column":0}},"26":{"start":{"line":27,"column":0},"end":{"line":27,"column":25}}},"s":{"0":1,"1":23,"2":1,"3":1,"4":22,"5":22,"6":23,"7":2,"8":2,"9":20,"10":23,"11":6,"12":6,"13":23,"14":4,"15":4,"16":10,"17":10,"18":1,"19":1,"20":1,"21":17,"22":17,"23":1,"24":1,"25":1,"26":1},"branchMap":{"0":{"type":"branch","line":1,"loc":{"start":{"line":1,"column":18},"end":{"line":18,"column":1}},"locations":[{"start":{"line":1,"column":18},"end":{"line":18,"column":1}}]},"1":{"type":"branch","line":2,"loc":{"start":{"line":2,"column":17},"end":{"line":4,"column":5}},"locations":[{"start":{"line":2,"column":17},"end":{"line":4,"column":5}}]},"2":{"type":"branch","line":5,"loc":{"start":{"line":5,"column":-1},"end":{"line":7,"column":16}},"locations":[{"start":{"line":5,"column":-1},"end":{"line":7,"column":16}}]},"3":{"type":"branch","line":7,"loc":{"start":{"line":7,"column":7},"end":{"line":7,"column":38}},"locations":[{"start":{"line":7,"column":7},"end":{"line":7,"column":38}}]},"4":{"type":"branch","line":7,"loc":{"start":{"line":7,"column":46},"end":{"line":9,"column":5}},"locations":[{"start":{"line":7,"column":46},"end":{"line":9,"column":5}}]},"5":{"type":"branch","line":10,"loc":{"start":{"line":10,"column":-1},"end":{"line":11,"column":7}},"locations":[{"start":{"line":10,"column":-1},"end":{"line":11,"column":7}}]},"6":{"type":"branch","line":11,"loc":{"start":{"line":11,"column":26},"end":{"line":13,"column":5}},"locations":[{"start":{"line":11,"column":26},"end":{"line":13,"column":5}}]},"7":{"type":"branch","line":14,"loc":{"start":{"line":14,"column":-1},"end":{"line":14,"column":7}},"locations":[{"start":{"line":14,"column":-1},"end":{"line":14,"column":7}}]},"8":{"type":"branch","line":14,"loc":{"start":{"line":14,"column":25},"end":{"line":16,"column":5}},"locations":[{"start":{"line":14,"column":25},"end":{"line":16,"column":5}}]},"9":{"type":"branch","line":17,"loc":{"start":{"line":17,"column":-1},"end":{"line":18,"column":1}},"locations":[{"start":{"line":17,"column":-1},"end":{"line":18,"column":1}}]},"10":{"type":"branch","line":5,"loc":{"start":{"line":5,"column":22},"end":{"line":5,"column":59}},"locations":[{"start":{"line":5,"column":22},"end":{"line":5,"column":59}}]},"11":{"type":"branch","line":20,"loc":{"start":{"line":20,"column":15},"end":{"line":24,"column":1}},"locations":[{"start":{"line":20,"column":15},"end":{"line":24,"column":1}}]},"12":{"type":"branch","line":21,"loc":{"start":{"line":21,"column":29},"end":{"line":23,"column":5}},"locations":[{"start":{"line":21,"column":29},"end":{"line":23,"column":5}}]}},"b":{"0":[23],"1":[1],"2":[22],"3":[8],"4":[2],"5":[20],"6":[6],"7":[14],"8":[4],"9":[10],"10":[64],"11":[1],"12":[17]},"fnMap":{"0":{"name":"fizzbuzz","decl":{"start":{"line":1,"column":18},"end":{"line":18,"column":1}},"loc":{"start":{"line":1,"column":18},"end":{"line":18,"column":1}},"line":1},"1":{"name":"divisible","decl":{"start":{"line":5,"column":22},"end":{"line":5,"column":59}},"loc":{"start":{"line":5,"column":22},"end":{"line":5,"column":59}},"line":5},"2":{"name":"print","decl":{"start":{"line":20,"column":15},"end":{"line":24,"column":1}},"loc":{"start":{"line":20,"column":15},"end":{"line":24,"column":1}},"line":20}},"f":{"0":23,"1":64,"2":1}}
}
