TN:
SF:fizzbuzz.js
FN:1,fizzbuzz
FN:5,divisible
FN:20,print
FNF:3
FNH:3
FNDA:23,fizzbuzz
FNDA:64,divisible
FNDA:1,print
DA:1,1
DA:2,23
DA:3,1
DA:4,1
DA:5,22
DA:6,22
DA:7,23
DA:8,2
DA:9,2
DA:10,20
DA:11,23
DA:12,6
DA:13,6
DA:14,23
DA:15,4
DA:16,4
DA:17,10
DA:18,10
DA:19,1
DA:20,1
DA:21,1
DA:22,17
DA:23,17
DA:24,1
DA:25,1
DA:26,1
DA:27,1
LF:27
LH:27
BRDA:1,0,0,23
BRDA:2,1,0,1
BRDA:5,2,0,22
BRDA:7,3,0,8
BRDA:7,4,0,2
BRDA:10,5,0,20
BRDA:11,6,0,6
BRDA:14,7,0,14
BRDA:14,8,0,4
BRDA:17,9,0,10
BRDA:5,10,0,64
BRDA:20,11,0,1
BRDA:21,12,0,17
BRF:13
BRH:13
end_of_record
